<?xml version="1.0" encoding="UTF-8"?>
<testng-results ignored="0" total="2" passed="2" failed="0" skipped="0">
  <reporter-output>
  </reporter-output>
  <suite started-at="2022-07-27T01:34:03 IST" name="Suite" finished-at="2022-07-27T01:34:21 IST" duration-ms="18323">
    <groups>
    </groups>
    <test started-at="2022-07-27T01:34:03 IST" name="Test" finished-at="2022-07-27T01:34:21 IST" duration-ms="18323">
      <class name="com.learn.Automation.tmb.tests.AcountPINTest">
        <test-method is-config="true" signature="setup()[pri:0, instance:com.learn.Automation.tmb.tests.AcountPINTest@506ae4d4]" started-at="2022-07-27T01:34:03 IST" name="setup" finished-at="2022-07-27T01:34:09 IST" duration-ms="6318" status="PASS">
          <reporter-output>
          </reporter-output>
        </test-method> <!-- setup -->
        <test-method signature="accountpinpagetest()[pri:0, instance:com.learn.Automation.tmb.tests.AcountPINTest@506ae4d4]" started-at="2022-07-27T01:34:09 IST" name="accountpinpagetest" finished-at="2022-07-27T01:34:21 IST" duration-ms="11758" status="PASS">
          <reporter-output>
          </reporter-output>
        </test-method> <!-- accountpinpagetest -->
        <test-method is-config="true" signature="setup()[pri:0, instance:com.learn.Automation.tmb.tests.AcountPINTest@506ae4d4]" started-at="2022-07-27T01:34:21 IST" name="setup" finished-at="2022-07-27T01:34:21 IST" duration-ms="11" status="PASS">
          <reporter-output>
          </reporter-output>
        </test-method> <!-- setup -->
        <test-method signature="stop()[pri:0, instance:com.learn.Automation.tmb.tests.AcountPINTest@506ae4d4]" started-at="2022-07-27T01:34:21 IST" name="stop" finished-at="2022-07-27T01:34:21 IST" duration-ms="138" status="PASS">
          <reporter-output>
          </reporter-output>
        </test-method> <!-- stop -->
      </class> <!-- com.learn.Automation.tmb.tests.AcountPINTest -->
    </test> <!-- Test -->
  </suite> <!-- Suite -->
</testng-results>
